<?xml version="1.0" encoding="UTF-8"?>
<!-- Generated by org.testng.reporters.JUnitReportReporter -->
<testsuite skipped="0" hostname="DESKTOP-G28MNR6" name="com.TestRunner.TestRunner_Class" tests="1" failures="0" timestamp="27 May 2020 16:16:10 GMT" time="32.319" errors="0">
  <testcase name="feature" time="32.319" classname="com.TestRunner.TestRunner_Class"/>
</testsuite> <!-- com.TestRunner.TestRunner_Class -->
